------------------------------------------------------------
/usr/bin/pip run on Fri Sep 16 12:57:09 2016
Downloading/unpacking git
  Getting page https://pypi.python.org/simple/git/
  Could not fetch URL https://pypi.python.org/simple/git/: 404 Client Error: Not Found
  Will skip URL https://pypi.python.org/simple/git/ when looking for download links for git
  Getting page https://pypi.python.org/simple/
  URLs to search for versions for git:
  * https://pypi.python.org/simple/git/
  Getting page https://pypi.python.org/simple/git/
  Could not fetch URL https://pypi.python.org/simple/git/: 404 Client Error: Not Found
  Will skip URL https://pypi.python.org/simple/git/ when looking for download links for git
  Could not find any downloads that satisfy the requirement git
Cleaning up...
No distributions at all found for git
Exception information:
Traceback (most recent call last):
  File "/usr/lib/python2.7/site-packages/pip/basecommand.py", line 122, in main
    status = self.run(options, args)
  File "/usr/lib/python2.7/site-packages/pip/commands/install.py", line 298, in run
    requirement_set.prepare_files(finder, force_root_egg_info=self.bundle, bundle=self.bundle)
  File "/usr/lib/python2.7/site-packages/pip/req.py", line 1182, in prepare_files
    url = finder.find_requirement(req_to_install, upgrade=self.upgrade)
  File "/usr/lib/python2.7/site-packages/pip/index.py", line 277, in find_requirement
    raise DistributionNotFound('No distributions at all found for %s' % req)
DistributionNotFound: No distributions at all found for git
